2007.08.18 18:02 B D:\Wen Documents\link\flame\special-buralead.htm --> ftp.myweb.hinet.net /yhw special-buralead.htm
2007.08.18 18:03 B D:\Wen Documents\link\flame\top.htm --> ftp.myweb.hinet.net /yhw top.htm
2007.08.20 02:33 B D:\Wen Documents\link\flame\news-20070819-1.htm --> ftp.myweb.hinet.net /yhw news-20070819-1.htm
2007.08.20 02:33 B D:\Wen Documents\link\flame\special-lead_content.htm --> ftp.myweb.hinet.net /yhw special-lead_content.htm
2007.08.20 02:35 B D:\Wen Documents\link\flame\top.htm --> ftp.myweb.hinet.net /yhw top.htm
2007.08.20 13:59 B D:\Wen Documents\link\flame\pic-31.jpg --> ftp.myweb.hinet.net /yhw pic-31.jpg
2007.08.20 14:00 B D:\Wen Documents\link\flame\information.htm --> ftp.myweb.hinet.net /yhw information.htm
2007.08.20 14:01 B D:\Wen Documents\link\flame\information.htm --> ftp.myweb.hinet.net /yhw information.htm
2007.08.20 14:01 B D:\Wen Documents\link\flame\top.htm --> ftp.myweb.hinet.net /yhw top.htm
2007.08.22 14:34 A D:\Wen Documents\link\flame\special-buralead.htm --> ftp.myweb.hinet.net /yhw special-buralead.htm
2007.08.22 14:37 B D:\Wen Documents\link\flame\top.htm --> ftp.myweb.hinet.net /yhw top.htm
2007.08.22 16:37 B D:\Wen Documents\link\flame\book-aqua.htm --> ftp.myweb.hinet.net /yhw book-aqua.htm
2007.08.22 16:37 B D:\Wen Documents\link\flame\release.htm --> ftp.myweb.hinet.net /yhw release.htm
2007.08.22 16:39 B D:\Wen Documents\link\flame\book-flamethefirst.htm --> ftp.myweb.hinet.net /yhw book-flamethefirst.htm
2007.08.22 16:41 B D:\Wen Documents\link\flame\book-aqua.htm --> ftp.myweb.hinet.net /yhw book-aqua.htm
2007.08.22 16:42 B D:\Wen Documents\link\flame\top.htm --> ftp.myweb.hinet.net /yhw top.htm
2007.08.22 16:44 B D:\Wen Documents\link\flame\book-aqua.htm --> ftp.myweb.hinet.net /yhw book-aqua.htm
2007.08.23 13:06 B D:\Wen Documents\link\flame\book-boutaoshi.htm --> ftp.myweb.hinet.net /yhw book-boutaoshi.htm
2007.08.23 13:06 B D:\Wen Documents\link\flame\release.htm --> ftp.myweb.hinet.net /yhw release.htm
2007.08.23 13:08 B D:\Wen Documents\link\flame\book-boutaoshi.htm --> ftp.myweb.hinet.net /yhw book-boutaoshi.htm
2007.08.23 13:08 B D:\Wen Documents\link\flame\release.htm --> ftp.myweb.hinet.net /yhw release.htm
2007.08.23 15:01 B D:\Wen Documents\link\flame\pic-32.gif --> ftp.myweb.hinet.net /yhw pic-32.gif
2007.08.23 15:01 B D:\Wen Documents\link\flame\disc-DM.htm --> ftp.myweb.hinet.net /yhw disc-DM.htm
2007.08.23 15:01 B D:\Wen Documents\link\flame\release.htm --> ftp.myweb.hinet.net /yhw release.htm
2007.08.23 15:03 B D:\Wen Documents\link\flame\top.htm --> ftp.myweb.hinet.net /yhw top.htm
2007.08.23 15:04 B D:\Wen Documents\link\flame\release.htm --> ftp.myweb.hinet.net /yhw release.htm
2007.08.23 15:10 B D:\Wen Documents\link\flame\profile-flame.htm --> ftp.myweb.hinet.net /yhw profile-flame.htm
2007.08.23 15:13 B D:\Wen Documents\link\flame\profile-flame.htm --> ftp.myweb.hinet.net /yhw profile-flame.htm
2007.08.23 15:13 B D:\Wen Documents\link\flame\disc-DM.htm --> ftp.myweb.hinet.net /yhw disc-DM.htm
2007.08.27 18:52 B D:\Wen Documents\link\flame\special-lead_content.htm --> ftp.myweb.hinet.net /yhw special-lead_content.htm
2007.08.27 18:52 B D:\Wen Documents\link\flame\special-winds_content.htm --> ftp.myweb.hinet.net /yhw special-winds_content.htm
2007.08.27 18:53 B D:\Wen Documents\link\flame\special-winds_content.htm --> ftp.myweb.hinet.net /yhw special-winds_content.htm
2007.08.28 01:26 B D:\Wen Documents\link\flame\information.htm --> ftp.myweb.hinet.net /yhw information.htm
2007.08.28 01:26 B D:\Wen Documents\link\flame\special-lead_content.htm --> ftp.myweb.hinet.net /yhw special-lead_content.htm
2007.08.28 01:26 B D:\Wen Documents\link\flame\top.htm --> ftp.myweb.hinet.net /yhw top.htm
2007.08.28 01:48 B D:\Wen Documents\link\flame\information.htm --> ftp.myweb.hinet.net /yhw information.htm
2007.08.28 01:48 B D:\Wen Documents\link\flame\top.htm --> ftp.myweb.hinet.net /yhw top.htm
2007.08.28 01:50 B D:\Wen Documents\link\flame\information.htm --> ftp.myweb.hinet.net /yhw information.htm
2007.08.28 02:05 B D:\Wen Documents\link\flame\photo-activity.htm --> ftp.myweb.hinet.net /yhw photo-activity.htm
2007.08.29 12:47 B D:\Wen Documents\link\flame\information.htm --> ftp.myweb.hinet.net /yhw information.htm
2007.08.29 12:47 B D:\Wen Documents\link\flame\top.htm --> ftp.myweb.hinet.net /yhw top.htm
2007.09.02 15:42 B D:\Wen Documents\link\flame\information.htm --> ftp.myweb.hinet.net /yhw information.htm
2007.09.02 15:42 B D:\Wen Documents\link\flame\pic-33.jpg --> ftp.myweb.hinet.net /yhw pic-33.jpg
2007.09.02 15:42 B D:\Wen Documents\link\flame\special-winds_content.htm --> ftp.myweb.hinet.net /yhw special-winds_content.htm
2007.09.02 15:42 B D:\Wen Documents\link\flame\top.htm --> ftp.myweb.hinet.net /yhw top.htm
2007.09.08 18:43 B D:\Wen Documents\link\flame\news-20070905-1.htm --> ftp.myweb.hinet.net /yhw news-20070905-1.htm
2007.09.08 18:43 B D:\Wen Documents\link\flame\download-deleted.htm --> ftp.myweb.hinet.net /yhw download-deleted.htm
2007.09.08 18:46 B D:\Wen Documents\link\flame\special-buralead.htm --> ftp.myweb.hinet.net /yhw special-buralead.htm
2007.09.08 18:46 B D:\Wen Documents\link\flame\special-lead_content.htm --> ftp.myweb.hinet.net /yhw special-lead_content.htm
2007.09.08 18:46 B D:\Wen Documents\link\flame\special-winds_content.htm --> ftp.myweb.hinet.net /yhw special-winds_content.htm
2007.09.08 18:46 B D:\Wen Documents\link\flame\top.htm --> ftp.myweb.hinet.net /yhw top.htm
2007.09.08 18:48 B D:\Wen Documents\link\flame\special-buralead.htm --> ftp.myweb.hinet.net /yhw special-buralead.htm
2007.09.10 10:10 B D:\Wen Documents\link\flame\special-buralead.htm --> ftp.myweb.hinet.net / special-buralead.htm
2007.09.10 10:34 B D:\Wen Documents\link\flame\information.htm --> ftp.myweb.hinet.net /yhw information.htm
2007.09.10 10:34 B D:\Wen Documents\link\flame\special-lead_content.htm --> ftp.myweb.hinet.net /yhw special-lead_content.htm
2007.09.10 10:34 B D:\Wen Documents\link\flame\top.htm --> ftp.myweb.hinet.net /yhw top.htm
2007.09.10 10:36 B D:\Wen Documents\link\flame\information.htm --> ftp.myweb.hinet.net /yhw information.htm
2007.09.12 14:31 B D:\Wen Documents\link\flame\special-buralead.htm --> ftp.myweb.hinet.net /yhw special-buralead.htm
2007.09.12 14:31 B D:\Wen Documents\link\flame\top.htm --> ftp.myweb.hinet.net /yhw top.htm
2007.09.12 14:36 B D:\Wen Documents\link\flame\photo-hisato.htm <-- Hinet-myyusuke /yhw photo-hisato.htm
2007.09.12 14:36 B D:\Wen Documents\link\flame\photo-yusuke.htm <-- Hinet-myyusuke /yhw photo-yusuke.htm
2007.09.12 14:38 B D:\Wen Documents\link\flame\top.htm --> ftp.myweb.hinet.net /yhw top.htm
2007.09.12 14:39 B D:\Wen Documents\link\flame\book-aqua.htm <-- Hinet-myyusuke /yhw book-aqua.htm
2007.09.12 14:39 B D:\Wen Documents\link\flame\b-25.jpg <-- Hinet-myyusuke /yhw/release b-25.jpg
2007.09.12 14:43 B D:\Wen Documents\link\flame\news-20070912-1.htm --> ftp.myweb.hinet.net /yhw news-20070912-1.htm
2007.09.12 14:43 B D:\Wen Documents\link\flame\special-lead_content.htm --> ftp.myweb.hinet.net /yhw special-lead_content.htm
2007.09.12 14:45 B D:\Wen Documents\link\flame\special-lead_content.htm --> ftp.myweb.hinet.net /yhw special-lead_content.htm
2007.09.12 14:45 B D:\Wen Documents\link\flame\special-lead_content.htm --> ftp.myweb.hinet.net /yhw special-lead_content.htm
2007.09.12 14:46 B D:\Wen Documents\link\flame\top.htm --> ftp.myweb.hinet.net /yhw top.htm
2007.09.15 14:42 B D:\Wen Documents\link\flame\information.htm <-- Hinet-myyusuke /yhw information.htm
2007.09.15 14:49 B D:\Wen Documents\link\flame\information.htm --> ftp.myweb.hinet.net /yhw information.htm
2007.09.15 14:49 B D:\Wen Documents\link\flame\special-lead_content.htm --> ftp.myweb.hinet.net /yhw special-lead_content.htm
2007.09.15 14:49 B D:\Wen Documents\link\flame\top.htm --> ftp.myweb.hinet.net /yhw top.htm
2007.09.16 11:41 B D:\Wen Documents\link\flame\background-04.jpg --> ftp.myweb.hinet.net /yhw background-04.jpg
2007.09.16 11:43 B D:\Wen Documents\link\flame\background-04.jpg --> ftp.myweb.hinet.net /yhw background-04.jpg
2007.09.16 11:44 B D:\Wen Documents\link\flame\background-04.jpg --> ftp.myweb.hinet.net /yhw background-04.jpg
2007.09.25 11:12 B D:\Wen Documents\link\flame\news-20070921-1.htm --> ftp.myweb.hinet.net /yhw news-20070921-1.htm
2007.09.25 11:12 B D:\Wen Documents\link\flame\news-20070925-1.htm --> ftp.myweb.hinet.net /yhw news-20070925-1.htm
2007.09.25 11:12 B D:\Wen Documents\link\flame\news-20070925-2.htm --> ftp.myweb.hinet.net /yhw news-20070925-2.htm
2007.09.25 11:12 B D:\Wen Documents\link\flame\special-buralead.htm --> ftp.myweb.hinet.net /yhw special-buralead.htm
2007.09.25 11:12 B D:\Wen Documents\link\flame\special-lead_content.htm --> ftp.myweb.hinet.net /yhw special-lead_content.htm
2007.09.25 11:12 B D:\Wen Documents\link\flame\special-winds_content.htm --> ftp.myweb.hinet.net /yhw special-winds_content.htm
2007.09.25 11:12 B D:\Wen Documents\link\flame\top.htm --> ftp.myweb.hinet.net /yhw top.htm
2007.09.25 11:22 B D:\Wen Documents\link\flame\news-20070925-2.htm --> ftp.myweb.hinet.net /yhw news-20070925-2.htm
2007.10.06 00:41 B D:\Wen Documents\link\flame\special-buralead.htm --> ftp.myweb.hinet.net /yhw special-buralead.htm
2007.10.06 00:42 B D:\Wen Documents\link\flame\top.htm --> ftp.myweb.hinet.net /yhw top.htm
2007.10.06 00:44 B D:\Wen Documents\link\flame\top.htm --> ftp.myweb.hinet.net /yhw top.htm
2007.10.06 16:57 B D:\Wen Documents\link\flame\special-buralead.htm --> ftp.myweb.hinet.net /yhw special-buralead.htm
2007.10.06 17:03 B D:\Wen Documents\link\flame\information.htm --> ftp.myweb.hinet.net /yhw information.htm
2007.10.06 17:04 B D:\Wen Documents\link\flame\pic-50.jpg --> ftp.myweb.hinet.net /yhw pic-50.jpg
2007.10.06 17:05 B D:\Wen Documents\link\flame\top.htm --> ftp.myweb.hinet.net /yhw top.htm
2008.01.22 20:49 B D:\Wen Documents\link\flame\news-20071026-1.htm <-- Hinet-myyusuke /yhw news-20071026-1.htm
2008.01.25 01:23 B D:\Wen Documents\link\flame\pic-34.jpg <-- Hinet-myyusuke /yhw pic-34.jpg
2008.01.25 01:24 B D:\Wen Documents\link\flame\pic-35.jpg <-- Hinet-myyusuke /yhw pic-35.jpg
2008.01.25 01:24 B D:\Wen Documents\link\flame\pic-38.jpg <-- Hinet-myyusuke /yhw pic-38.jpg
2008.01.25 01:24 B D:\Wen Documents\link\flame\pic-39.jpg <-- Hinet-myyusuke /yhw pic-39.jpg
2008.01.25 02:13 B D:\Wen Documents\link\flame\Version9.jpg --> ftp.myweb.hinet.net /yhw Version9.jpg
2008.01.25 02:13 B D:\Wen Documents\link\flame\Version90.gif --> ftp.myweb.hinet.net /yhw Version90.gif
2008.01.25 02:20 B D:\Wen Documents\link\flame\about.htm --> ftp.myweb.hinet.net / about.htm
2008.01.25 02:20 B D:\Wen Documents\link\flame\background-08.jpg --> ftp.myweb.hinet.net / background-08.jpg
2008.01.25 02:22 B D:\Wen Documents\link\flame\pic-30.jpg --> ftp.myweb.hinet.net /yhw pic-30.jpg
2008.01.25 02:24 B D:\Wen Documents\link\flame\book-aqua.htm --> ftp.myweb.hinet.net /yhw book-aqua.htm
2008.01.25 02:24 B D:\Wen Documents\link\flame\book-boutaoshi.htm --> ftp.myweb.hinet.net /yhw book-boutaoshi.htm
2008.01.25 02:24 B D:\Wen Documents\link\flame\book-devilman.htm --> ftp.myweb.hinet.net /yhw book-devilman.htm
2008.01.25 02:24 B D:\Wen Documents\link\flame\book-flamesolo.htm --> ftp.myweb.hinet.net /yhw book-flamesolo.htm
2008.01.25 02:24 B D:\Wen Documents\link\flame\book-flamethefirst.htm --> ftp.myweb.hinet.net /yhw book-flamethefirst.htm
2008.01.25 02:24 B D:\Wen Documents\link\flame\book-wFL.htm --> ftp.myweb.hinet.net /yhw book-wFL.htm
2008.01.25 02:24 B D:\Wen Documents\link\flame\book-young.htm --> ftp.myweb.hinet.net /yhw book-young.htm
2008.01.25 02:24 B D:\Wen Documents\link\flame\book-young01.htm --> ftp.myweb.hinet.net /yhw book-young01.htm
2008.01.25 02:24 B D:\Wen Documents\link\flame\book-young02.htm --> ftp.myweb.hinet.net /yhw book-young02.htm
2008.01.25 02:24 B D:\Wen Documents\link\flame\book-young03.htm --> ftp.myweb.hinet.net /yhw book-young03.htm
2008.01.25 02:25 B D:\Wen Documents\link\flame\disc-album.htm --> ftp.myweb.hinet.net /yhw disc-album.htm
2008.01.25 02:25 B D:\Wen Documents\link\flame\disc-DM.htm --> ftp.myweb.hinet.net /yhw disc-DM.htm
2008.01.25 02:25 B D:\Wen Documents\link\flame\disc-single.htm --> ftp.myweb.hinet.net /yhw disc-single.htm
2008.01.25 02:25 B D:\Wen Documents\link\flame\disc-video.htm --> ftp.myweb.hinet.net /yhw disc-video.htm
2008.01.25 02:25 B D:\Wen Documents\link\flame\download-attention.htm --> ftp.myweb.hinet.net /yhw download-attention.htm
2008.01.25 02:25 B D:\Wen Documents\link\flame\download-deleted.htm --> ftp.myweb.hinet.net /yhw download-deleted.htm
2008.01.25 02:25 B D:\Wen Documents\link\flame\download-video1.htm --> ftp.myweb.hinet.net /yhw download-video1.htm
2008.01.25 02:25 B D:\Wen Documents\link\flame\GuestBook.htm --> ftp.myweb.hinet.net /yhw GuestBook.htm
2008.01.25 02:25 B D:\Wen Documents\link\flame\information.htm --> ftp.myweb.hinet.net /yhw information.htm
2008.01.25 02:25 B D:\Wen Documents\link\flame\left.htm --> ftp.myweb.hinet.net /yhw left.htm
2008.01.25 02:25 B D:\Wen Documents\link\flame\link.htm --> ftp.myweb.hinet.net /yhw link.htm
2008.01.25 02:25 B D:\Wen Documents\link\flame\menu.htm --> ftp.myweb.hinet.net /yhw menu.htm
2008.01.25 02:25 B D:\Wen Documents\link\flame\news.htm --> ftp.myweb.hinet.net /yhw news.htm
2008.01.25 02:25 B D:\Wen Documents\link\flame\other-calendar.htm --> ftp.myweb.hinet.net /yhw other-calendar.htm
2008.01.25 02:25 B D:\Wen Documents\link\flame\photo.htm --> ftp.myweb.hinet.net /yhw photo.htm
2008.01.25 02:25 B D:\Wen Documents\link\flame\profile-flame.htm --> ftp.myweb.hinet.net /yhw profile-flame.htm
2008.01.25 02:25 B D:\Wen Documents\link\flame\profile-hisato.htm --> ftp.myweb.hinet.net /yhw profile-hisato.htm
2008.01.25 02:25 B D:\Wen Documents\link\flame\profile-yusuke.htm --> ftp.myweb.hinet.net /yhw profile-yusuke.htm
2008.01.25 02:25 B D:\Wen Documents\link\flame\profile.htm --> ftp.myweb.hinet.net /yhw profile.htm
2008.01.25 02:25 B D:\Wen Documents\link\flame\release.htm --> ftp.myweb.hinet.net /yhw release.htm
2008.01.25 02:25 B D:\Wen Documents\link\flame\right.htm --> ftp.myweb.hinet.net /yhw right.htm
2008.01.25 02:25 B D:\Wen Documents\link\flame\space1.htm --> ftp.myweb.hinet.net /yhw space1.htm
2008.01.25 02:25 B D:\Wen Documents\link\flame\space2.htm --> ftp.myweb.hinet.net /yhw space2.htm
2008.01.25 02:26 B D:\Wen Documents\link\flame\special-buralead.htm --> ftp.myweb.hinet.net /yhw special-buralead.htm
2008.01.25 02:26 B D:\Wen Documents\link\flame\special-lead_content.htm --> ftp.myweb.hinet.net /yhw special-lead_content.htm
2008.01.25 02:26 B D:\Wen Documents\link\flame\special-private.htm --> ftp.myweb.hinet.net /yhw special-private.htm
2008.01.25 02:26 B D:\Wen Documents\link\flame\special-winds_content.htm --> ftp.myweb.hinet.net /yhw special-winds_content.htm
2008.01.25 02:26 B D:\Wen Documents\link\flame\special.htm --> ftp.myweb.hinet.net /yhw special.htm
2008.01.25 02:26 B D:\Wen Documents\link\flame\top.htm --> ftp.myweb.hinet.net /yhw top.htm
2008.01.25 02:26 B D:\Wen Documents\link\flame\yhw.htm --> ftp.myweb.hinet.net /yhw yhw.htm
2008.01.25 02:27 B D:\Wen Documents\link\flame\yhw.htm --> ftp.myweb.hinet.net / yhw.htm
2008.01.25 02:32 B D:\Wen Documents\link\yhw\pic-43.jpg --> ftp.myweb.hinet.net /yhw pic-43.jpg
2008.01.25 02:39 B D:\Wen Documents\link\yhw\about.htm --> ftp.myweb.hinet.net /yhw about.htm
2008.01.25 02:43 B D:\Wen Documents\link\yhw\photo-activity.htm --> ftp.myweb.hinet.net /yhw photo-activity.htm
2008.01.25 02:43 B D:\Wen Documents\link\yhw\photo-drama07.htm --> ftp.myweb.hinet.net /yhw photo-drama07.htm
2008.01.25 02:43 B D:\Wen Documents\link\yhw\photo-hisato.htm --> ftp.myweb.hinet.net /yhw photo-hisato.htm
2008.01.25 02:43 B D:\Wen Documents\link\yhw\photo-wallpaper.htm --> ftp.myweb.hinet.net /yhw photo-wallpaper.htm
2008.01.25 02:43 B D:\Wen Documents\link\yhw\photo-yusuke.htm --> ftp.myweb.hinet.net /yhw photo-yusuke.htm
2008.01.25 02:44 B D:\Wen Documents\link\yhw\photo-wallpaper.htm --> ftp.myweb.hinet.net /yhw photo-wallpaper.htm
2008.01.25 02:44 B D:\Wen Documents\link\yhw\interview.htm --> ftp.myweb.hinet.net /yhw interview.htm
2008.01.25 02:45 B D:\Wen Documents\link\yhw\interview.htm --> ftp.myweb.hinet.net /yhw interview.htm
2008.01.25 02:57 B D:\Wen Documents\link\yhw\special-lead_content.htm --> ftp.myweb.hinet.net /yhw special-lead_content.htm
2008.01.25 03:00 B D:\Wen Documents\link\yhw\special-lead_content.htm --> ftp.myweb.hinet.net /yhw special-lead_content.htm
2008.01.25 03:01 B D:\Wen Documents\link\yhw\special-lead_content.htm --> ftp.myweb.hinet.net /yhw special-lead_content.htm
2008.01.25 15:51 B D:\Wen Documents\link\yhw\link.htm --> ftp.myweb.hinet.net /yhw link.htm
2008.01.25 16:05 B D:\Wen Documents\link\yhw\top.htm --> ftp.myweb.hinet.net /yhw top.htm
2008.01.30 16:59 B D:\Wen Documents\Link\yhw\link.htm --> ftp.myweb.hinet.net /yhw link.htm
2008.01.30 16:59 B D:\Wen Documents\Link\yhw\top.htm --> ftp.myweb.hinet.net /yhw top.htm
2008.01.30 17:28 B D:\Wen Documents\Link\yhw\link.htm --> ftp.myweb.hinet.net /yhw link.htm
2008.01.30 17:32 B D:\Wen Documents\Link\yhw\special-lead_content.htm --> ftp.myweb.hinet.net /yhw special-lead_content.htm
2008.01.30 17:32 B D:\Wen Documents\Link\yhw\special-winds_content.htm --> ftp.myweb.hinet.net /yhw special-winds_content.htm
2008.01.31 15:00 B D:\Wen Documents\Link\yhw\disc-album.htm --> ftp.myweb.hinet.net /yhw disc-album.htm
2008.01.31 15:00 B D:\Wen Documents\Link\yhw\top.htm --> ftp.myweb.hinet.net /yhw top.htm
2008.01.31 15:10 B D:\Wen Documents\Link\yhw\top.htm --> ftp.myweb.hinet.net /yhw top.htm
2008.01.31 15:11 B D:\Wen Documents\Link\yhw\top.htm --> ftp.myweb.hinet.net /yhw top.htm
2008.01.31 15:12 B D:\Wen Documents\Link\yhw\top.htm --> ftp.myweb.hinet.net /yhw top.htm
2008.02.01 14:25 B D:\Wen Documents\Link\yhw\news-20070626-1.htm --> ftp.myweb.hinet.net /yhw news-20070626-1.htm
2008.02.01 14:26 B D:\Wen Documents\Link\yhw\news-20041228-1.htm --> ftp.myweb.hinet.net /yhw news-20041228-1.htm
2008.02.01 14:26 B D:\Wen Documents\Link\yhw\news-20041228-1.htm --> ftp.myweb.hinet.net /yhw news-20041228-1.htm
2008.02.01 14:27 B D:\Wen Documents\Link\yhw\news-20041203-3.htm --> ftp.myweb.hinet.net /yhw news-20041203-3.htm
2008.02.01 14:29 B D:\Wen Documents\Link\yhw\news-20040906-4.htm --> ftp.myweb.hinet.net /yhw news-20040906-4.htm
2008.02.01 14:31 B D:\Wen Documents\Link\yhw\news-20071113-1.htm --> ftp.myweb.hinet.net /yhw news-20071113-1.htm
2008.02.01 14:33 B D:\Wen Documents\Link\yhw\news-20071105-1.htm <-- Hinet-myyusuke /yhw news-20071105-1.htm
2008.02.01 14:33 B D:\Wen Documents\Link\yhw\news-20071107-1.htm <-- Hinet-myyusuke /yhw news-20071107-1.htm
2008.02.01 14:33 B D:\Wen Documents\Link\yhw\news-20071109-1.htm <-- Hinet-myyusuke /yhw news-20071109-1.htm
2008.02.01 14:33 B D:\Wen Documents\Link\yhw\news-20071109-2.htm <-- Hinet-myyusuke /yhw news-20071109-2.htm
2008.02.01 14:33 B D:\Wen Documents\Link\yhw\news-20071110-1.htm <-- Hinet-myyusuke /yhw news-20071110-1.htm
2008.02.01 14:33 B D:\Wen Documents\Link\yhw\news-20071110-2.htm <-- Hinet-myyusuke /yhw news-20071110-2.htm
2008.02.01 14:33 B D:\Wen Documents\Link\yhw\news-20071111-1.htm <-- Hinet-myyusuke /yhw news-20071111-1.htm
2008.02.01 14:33 B D:\Wen Documents\Link\yhw\news-20071111-2.htm <-- Hinet-myyusuke /yhw news-20071111-2.htm
2008.02.01 14:33 B D:\Wen Documents\Link\yhw\news-20071111-3.htm <-- Hinet-myyusuke /yhw news-20071111-3.htm
2008.02.01 14:33 B D:\Wen Documents\Link\yhw\news-20071111-4.htm <-- Hinet-myyusuke /yhw news-20071111-4.htm
2008.02.01 14:33 B D:\Wen Documents\Link\yhw\news-20071111-5.htm <-- Hinet-myyusuke /yhw news-20071111-5.htm
2008.02.01 14:33 B D:\Wen Documents\Link\yhw\news-20071112-1.htm <-- Hinet-myyusuke /yhw news-20071112-1.htm
2008.02.01 14:33 B D:\Wen Documents\Link\yhw\news-20071112-2.htm <-- Hinet-myyusuke /yhw news-20071112-2.htm
2008.02.01 14:33 B D:\Wen Documents\Link\yhw\news-20071112-3.htm <-- Hinet-myyusuke /yhw news-20071112-3.htm
2008.02.01 14:35 B D:\Wen Documents\Link\yhw\news-20071111-2.htm --> ftp.myweb.hinet.net /yhw news-20071111-2.htm
2008.02.01 14:35 B D:\Wen Documents\Link\yhw\news-20071111-4.htm --> ftp.myweb.hinet.net /yhw news-20071111-4.htm
2008.02.01 14:35 B D:\Wen Documents\Link\yhw\news-20071111-5.htm --> ftp.myweb.hinet.net /yhw news-20071111-5.htm
2008.02.01 14:36 B D:\Wen Documents\Link\yhw\news-20071110-1.htm --> ftp.myweb.hinet.net /yhw news-20071110-1.htm
2008.02.01 14:38 B D:\Wen Documents\Link\yhw\news-20071109-2.htm --> ftp.myweb.hinet.net /yhw news-20071109-2.htm
2008.02.01 14:41 B D:\Wen Documents\Link\yhw\news-20060912-1.htm --> ftp.myweb.hinet.net /yhw news-20060912-1.htm
2008.02.01 14:43 B D:\Wen Documents\Link\yhw\news-20060904-1.htm --> ftp.myweb.hinet.net /yhw news-20060904-1.htm
2008.02.01 14:43 B D:\Wen Documents\Link\yhw\news-20060904-3.htm --> ftp.myweb.hinet.net /yhw news-20060904-3.htm
2008.02.01 14:43 B D:\Wen Documents\Link\yhw\news-20060904-1.htm --> ftp.myweb.hinet.net /yhw news-20060904-1.htm
2008.02.01 14:43 B D:\Wen Documents\Link\yhw\news-20060904-3.htm --> ftp.myweb.hinet.net /yhw news-20060904-3.htm
2008.02.01 14:47 B D:\Wen Documents\Link\yhw\news-20060903-1.htm --> ftp.myweb.hinet.net /yhw news-20060903-1.htm
2008.02.01 14:47 B D:\Wen Documents\Link\yhw\news-20060903-2.htm --> ftp.myweb.hinet.net /yhw news-20060903-2.htm
2008.02.01 14:47 B D:\Wen Documents\Link\yhw\news-20060903-3.htm --> ftp.myweb.hinet.net /yhw news-20060903-3.htm
2008.02.01 14:48 B D:\Wen Documents\Link\yhw\news-20060903-2.htm --> ftp.myweb.hinet.net /yhw news-20060903-2.htm
2008.02.01 14:49 B D:\Wen Documents\Link\yhw\news-20060903-2.htm --> ftp.myweb.hinet.net /yhw news-20060903-2.htm
2008.02.01 14:50 B D:\Wen Documents\Link\yhw\news-20060902-1.htm --> ftp.myweb.hinet.net /yhw news-20060902-1.htm
2008.02.01 14:52 B D:\Wen Documents\Link\yhw\news-20060414-1.htm --> ftp.myweb.hinet.net /yhw news-20060414-1.htm
2008.02.01 14:54 B D:\Wen Documents\Link\yhw\news-20050926-2.htm --> ftp.myweb.hinet.net /yhw news-20050926-2.htm
2008.02.01 14:56 B D:\Wen Documents\Link\yhw\news-20050926-2.htm --> ftp.myweb.hinet.net /yhw news-20050926-2.htm
2008.02.01 15:00 B D:\Wen Documents\Link\yhw\news-20050925-1.htm --> ftp.myweb.hinet.net /yhw news-20050925-1.htm
2008.02.01 15:00 B D:\Wen Documents\Link\yhw\news-20050925-4.htm --> ftp.myweb.hinet.net /yhw news-20050925-4.htm
2008.02.01 15:00 B D:\Wen Documents\Link\yhw\news-20050925-5.htm --> ftp.myweb.hinet.net /yhw news-20050925-5.htm
2008.02.01 15:02 B D:\Wen Documents\Link\yhw\news-20050924-3.htm --> ftp.myweb.hinet.net /yhw news-20050924-3.htm
2008.02.01 15:03 B D:\Wen Documents\Link\yhw\news-20050924-1.htm --> ftp.myweb.hinet.net /yhw news-20050924-1.htm
2008.02.01 15:03 B D:\Wen Documents\Link\yhw\news-20050924-2.htm --> ftp.myweb.hinet.net /yhw news-20050924-2.htm
2008.02.01 15:03 B D:\Wen Documents\Link\yhw\news-20050924-3.htm --> ftp.myweb.hinet.net /yhw news-20050924-3.htm
2008.02.01 15:06 B D:\Wen Documents\Link\yhw\news-20050923-1.htm --> ftp.myweb.hinet.net /yhw news-20050923-1.htm
2008.02.01 15:06 B D:\Wen Documents\Link\yhw\news-20050923-2.htm --> ftp.myweb.hinet.net /yhw news-20050923-2.htm
2008.02.01 15:06 B D:\Wen Documents\Link\yhw\news-20050923-3.htm --> ftp.myweb.hinet.net /yhw news-20050923-3.htm
2008.02.01 15:06 B D:\Wen Documents\Link\yhw\news-20050923-4.htm --> ftp.myweb.hinet.net /yhw news-20050923-4.htm
2008.02.01 15:06 B D:\Wen Documents\Link\yhw\news-20050923-5.htm --> ftp.myweb.hinet.net /yhw news-20050923-5.htm
2008.02.01 15:07 B D:\Wen Documents\Link\yhw\news-20050923-3.htm --> ftp.myweb.hinet.net /yhw news-20050923-3.htm
2008.02.01 15:08 B D:\Wen Documents\Link\yhw\news-20050922-1.htm --> ftp.myweb.hinet.net /yhw news-20050922-1.htm
2008.02.01 15:09 B D:\Wen Documents\Link\yhw\news-20050901-2.htm --> ftp.myweb.hinet.net /yhw news-20050901-2.htm
2008.02.01 15:11 B D:\Wen Documents\Link\yhw\news-20050622-1.htm --> ftp.myweb.hinet.net /yhw news-20050622-1.htm
2008.02.01 15:11 B D:\Wen Documents\Link\yhw\news-20050901-1.htm --> ftp.myweb.hinet.net /yhw news-20050901-1.htm
2008.02.01 15:13 B D:\Wen Documents\Link\yhw\news-20041114-2.htm --> ftp.myweb.hinet.net /yhw news-20041114-2.htm
2008.02.01 15:13 B D:\Wen Documents\Link\yhw\news-20041116-1.htm --> ftp.myweb.hinet.net /yhw news-20041116-1.htm
2008.02.01 15:13 B D:\Wen Documents\Link\yhw\news-20041114-2.htm --> ftp.myweb.hinet.net /yhw news-20041114-2.htm
2008.02.01 15:14 B D:\Wen Documents\Link\yhw\news-20041112-3.htm --> ftp.myweb.hinet.net /yhw news-20041112-3.htm
2008.02.01 15:14 B D:\Wen Documents\Link\yhw\news-20041113-2.htm --> ftp.myweb.hinet.net /yhw news-20041113-2.htm
2008.02.01 15:16 B D:\Wen Documents\Link\yhw\news-20041111-1.htm --> ftp.myweb.hinet.net /yhw news-20041111-1.htm
2008.02.01 15:16 B D:\Wen Documents\Link\yhw\news-20041111-2.htm --> ftp.myweb.hinet.net /yhw news-20041111-2.htm
2008.02.01 15:17 B D:\Wen Documents\Link\yhw\news-20041112-1.htm --> ftp.myweb.hinet.net /yhw news-20041112-1.htm
2008.02.01 15:17 B D:\Wen Documents\Link\yhw\news-20041112-2.htm --> ftp.myweb.hinet.net /yhw news-20041112-2.htm
2008.02.01 15:18 B D:\Wen Documents\Link\yhw\news-20070924-1.htm --> ftp.myweb.hinet.net /yhw news-20070924-1.htm
2008.02.01 15:19 B D:\Wen Documents\Link\yhw\news-20070815-2.htm --> ftp.myweb.hinet.net /yhw news-20070815-2.htm
2008.02.01 15:20 B D:\Wen Documents\Link\yhw\news-20070815-2.htm --> ftp.myweb.hinet.net /yhw news-20070815-2.htm
2008.02.01 15:22 B D:\Wen Documents\Link\yhw\news-20070320-1.htm --> ftp.myweb.hinet.net /yhw news-20070320-1.htm
2008.02.01 15:24 B D:\Wen Documents\Link\yhw\news-20050917-1.htm --> ftp.myweb.hinet.net /yhw news-20050917-1.htm
2008.02.01 15:25 B D:\Wen Documents\Link\yhw\news-20050912-1.htm --> ftp.myweb.hinet.net /yhw news-20050912-1.htm
2008.02.01 15:25 B D:\Wen Documents\Link\yhw\news-20050912-2.htm --> ftp.myweb.hinet.net /yhw news-20050912-2.htm
2008.02.01 15:30 B D:\Wen Documents\Link\yhw\news-20050911-1.htm --> ftp.myweb.hinet.net /yhw news-20050911-1.htm
2008.02.01 15:30 B D:\Wen Documents\Link\yhw\news-20050911-2.htm --> ftp.myweb.hinet.net /yhw news-20050911-2.htm
2008.02.01 15:30 B D:\Wen Documents\Link\yhw\news-20050911-3.htm --> ftp.myweb.hinet.net /yhw news-20050911-3.htm
2008.02.01 15:30 B D:\Wen Documents\Link\yhw\news-20050911-4.htm --> ftp.myweb.hinet.net /yhw news-20050911-4.htm
2008.02.01 15:32 B D:\Wen Documents\Link\yhw\news-20050910-1.htm --> ftp.myweb.hinet.net /yhw news-20050910-1.htm
2008.02.01 15:33 B D:\Wen Documents\Link\yhw\news-20050902-1.htm --> ftp.myweb.hinet.net /yhw news-20050902-1.htm
2008.02.01 15:34 B D:\Wen Documents\Link\yhw\news-20050823-1.htm --> ftp.myweb.hinet.net /yhw news-20050823-1.htm
2008.02.01 15:36 B D:\Wen Documents\Link\yhw\news-20040906-3.htm --> ftp.myweb.hinet.net /yhw news-20040906-3.htm
2008.02.01 15:36 B D:\Wen Documents\Link\yhw\news-20041102-1.htm --> ftp.myweb.hinet.net /yhw news-20041102-1.htm
2008.02.01 15:36 B D:\Wen Documents\Link\yhw\news-20040906-3.htm --> ftp.myweb.hinet.net /yhw news-20040906-3.htm
2008.02.01 15:37 B D:\Wen Documents\Link\yhw\news-20040906-1.htm --> ftp.myweb.hinet.net /yhw news-20040906-1.htm
2008.02.01 15:38 B D:\Wen Documents\Link\yhw\news-20040906-1.htm --> ftp.myweb.hinet.net /yhw news-20040906-1.htm
2008.02.01 15:45 B D:\Wen Documents\Link\yhw\news-20040902-2.htm --> ftp.myweb.hinet.net /yhw news-20040902-2.htm
2008.02.01 15:45 B D:\Wen Documents\Link\yhw\news-20040903-1.htm --> ftp.myweb.hinet.net /yhw news-20040903-1.htm
2008.02.01 15:45 B D:\Wen Documents\Link\yhw\news-20040903-2.htm --> ftp.myweb.hinet.net /yhw news-20040903-2.htm
2008.02.01 15:46 B D:\Wen Documents\Link\yhw\news-20040904-1.htm --> ftp.myweb.hinet.net /yhw news-20040904-1.htm
2008.02.01 15:46 B D:\Wen Documents\Link\yhw\news-20040904-2.htm --> ftp.myweb.hinet.net /yhw news-20040904-2.htm
2008.02.01 15:46 B D:\Wen Documents\Link\yhw\news-20040904-3.htm --> ftp.myweb.hinet.net /yhw news-20040904-3.htm
2008.02.01 15:46 B D:\Wen Documents\Link\yhw\news-20040905-1.htm --> ftp.myweb.hinet.net /yhw news-20040905-1.htm
2008.02.01 15:46 B D:\Wen Documents\Link\yhw\news-20040905-2.htm --> ftp.myweb.hinet.net /yhw news-20040905-2.htm
2008.02.01 15:46 B D:\Wen Documents\Link\yhw\news-20040902-1.htm --> ftp.myweb.hinet.net /yhw news-20040902-1.htm
2008.02.01 15:47 B D:\Wen Documents\Link\yhw\news-20040902-1.htm --> ftp.myweb.hinet.net /yhw news-20040902-1.htm
2008.02.01 15:47 B D:\Wen Documents\Link\yhw\news-20040902-2.htm --> ftp.myweb.hinet.net /yhw news-20040902-2.htm
2008.02.01 15:57 B D:\Wen Documents\Link\yhw\link.htm --> ftp.myweb.hinet.net /yhw link.htm
2008.02.02 15:52 B D:\Wen Documents\Link\yhw\pic-20.jpg --> ftp.myweb.hinet.net /yhw pic-20.jpg
2008.02.02 15:52 B D:\Wen Documents\Link\yhw\top.htm --> ftp.myweb.hinet.net /yhw top.htm
2008.02.02 17:01 B D:\Wen Documents\Link\yhw\special-buralead.htm --> ftp.myweb.hinet.net /yhw special-buralead.htm
2008.02.02 17:03 B D:\Wen Documents\Link\yhw\special-buralead.htm --> ftp.myweb.hinet.net /yhw special-buralead.htm
2008.02.02 17:04 B D:\Wen Documents\Link\yhw\top.htm --> ftp.myweb.hinet.net /yhw top.htm
2008.02.02 20:37 B D:\Wen Documents\Link\yhw\special-lead_080206.htm --> ftp.myweb.hinet.net /yhw special-lead_080206.htm
2008.02.02 20:37 B D:\Wen Documents\Link\yhw\special-lead_content.htm --> ftp.myweb.hinet.net /yhw special-lead_content.htm
2008.02.02 20:38 B D:\Wen Documents\Link\yhw\top.htm --> ftp.myweb.hinet.net /yhw top.htm
2008.02.04 12:47 B D:\Wen Documents\Link\yhw\special-lead_content.htm --> ftp.myweb.hinet.net /yhw special-lead_content.htm
2008.02.04 12:48 B D:\Wen Documents\Link\yhw\top.htm --> ftp.myweb.hinet.net /yhw top.htm
2008.02.04 13:08 B D:\Wen Documents\Link\yhw\information.htm --> ftp.myweb.hinet.net /yhw information.htm
2008.02.04 13:08 B D:\Wen Documents\Link\yhw\top.htm --> ftp.myweb.hinet.net /yhw top.htm
2008.02.08 18:03 B D:\Wen Documents\Link\yhw\photo-activity.htm --> ftp.myweb.hinet.net /yhw photo-activity.htm
2008.02.08 18:03 B D:\Wen Documents\Link\yhw\top.htm --> ftp.myweb.hinet.net /yhw top.htm
2008.02.08 23:59 B D:\Wen Documents\Link\yhw\about.htm --> ftp.myweb.hinet.net /yhw about.htm
2008.02.10 15:44 B D:\Wen Documents\Link\yhw\special-lead_content.htm --> ftp.myweb.hinet.net /yhw special-lead_content.htm
2008.02.10 16:00 B D:\Wen Documents\Link\yhw\top.htm --> ftp.myweb.hinet.net /yhw top.htm
2008.02.10 16:00 B D:\Wen Documents\Link\yhw\photo-activity.htm --> ftp.myweb.hinet.net /yhw photo-activity.htm
2008.02.10 16:02 B D:\Wen Documents\Link\yhw\top.htm --> ftp.myweb.hinet.net /yhw top.htm
2008.02.11 23:29 B D:\Wen Documents\Link\yhw\special-buralead.htm --> ftp.myweb.hinet.net /yhw special-buralead.htm
2008.02.12 18:24 B D:\Wen Documents\Link\yhw\information.htm --> ftp.myweb.hinet.net /yhw information.htm
2008.02.12 18:24 B D:\Wen Documents\Link\yhw\photo-activity.htm --> ftp.myweb.hinet.net /yhw photo-activity.htm
2008.02.12 18:37 B D:\Wen Documents\Link\yhw\photo-activity.htm --> ftp.myweb.hinet.net /yhw photo-activity.htm
2008.02.12 18:46 B D:\Wen Documents\Link\yhw\photo-activity.htm --> ftp.myweb.hinet.net /yhw photo-activity.htm
2008.02.12 19:31 B D:\Wen Documents\Link\yhw\disc-DM.htm --> ftp.myweb.hinet.net /yhw disc-DM.htm
2008.02.12 19:31 B D:\Wen Documents\Link\yhw\photo-movie07.htm --> ftp.myweb.hinet.net /yhw photo-movie07.htm
2008.02.12 19:31 B D:\Wen Documents\Link\yhw\profile-flame.htm --> ftp.myweb.hinet.net /yhw profile-flame.htm
2008.02.12 19:31 B D:\Wen Documents\Link\yhw\top.htm --> ftp.myweb.hinet.net /yhw top.htm
2008.02.13 13:23 B D:\Wen Documents\Link\yhw\photo-movie07.htm --> ftp.myweb.hinet.net /yhw photo-movie07.htm
2008.02.13 13:29 B D:\Wen Documents\Link\yhw\profile-flame.htm --> ftp.myweb.hinet.net /yhw profile-flame.htm
2008.02.13 13:37 B D:\Wen Documents\Link\yhw\profile-flame.htm --> ftp.myweb.hinet.net /yhw profile-flame.htm
2008.02.13 13:46 B D:\Wen Documents\Link\yhw\top.htm --> ftp.myweb.hinet.net /yhw top.htm
2008.02.13 14:02 B D:\Wen Documents\Link\yhw\pic-25.jpg --> ftp.myweb.hinet.net /yhw pic-25.jpg
2008.02.13 14:02 B D:\Wen Documents\Link\yhw\top.htm --> ftp.myweb.hinet.net /yhw top.htm
2008.02.13 14:25 B D:\Wen Documents\Link\yhw\photo-movie07.htm --> ftp.myweb.hinet.net /yhw photo-movie07.htm
2008.02.13 14:35 B D:\Wen Documents\Link\yhw\photo-movie07.htm --> ftp.myweb.hinet.net /yhw photo-movie07.htm
2008.02.13 14:47 B D:\Wen Documents\Link\yhw\news-20071026-1.htm --> ftp.myweb.hinet.net /yhw news-20071026-1.htm
2008.02.13 14:49 B D:\Wen Documents\Link\yhw\news-20071026-1.htm --> ftp.myweb.hinet.net /yhw news-20071026-1.htm
2008.02.13 14:50 B D:\Wen Documents\Link\yhw\news-20071026-1.htm --> ftp.myweb.hinet.net /yhw news-20071026-1.htm
2008.02.13 15:21 B D:\Wen Documents\Link\yhw\news-20080213-1.htm --> ftp.myweb.hinet.net /yhw news-20080213-1.htm
2008.02.13 15:21 B D:\Wen Documents\Link\yhw\news.htm --> ftp.myweb.hinet.net /yhw news.htm
2008.02.13 15:21 B D:\Wen Documents\Link\yhw\top.htm --> ftp.myweb.hinet.net /yhw top.htm
2008.02.13 23:00 B D:\Wen Documents\Link\yhw\disc-DM.htm --> ftp.myweb.hinet.net /yhw disc-DM.htm
2008.02.14 19:00 B D:\Wen Documents\Link\yhw\photo-movie07.htm --> ftp.myweb.hinet.net /yhw photo-movie07.htm
2008.02.18 17:18 B D:\Wen Documents\Link\yhw\link.htm --> ftp.myweb.hinet.net /yhw link.htm
2008.02.18 17:38 B D:\Wen Documents\Link\yhw\link.htm --> ftp.myweb.hinet.net /yhw link.htm
2008.02.19 13:08 B D:\Wen Documents\Link\yhw\top.htm --> ftp.myweb.hinet.net /yhw top.htm
2008.02.23 00:24 B D:\Wen Documents\Link\yhw\pic-26.jpg --> ftp.myweb.hinet.net /yhw pic-26.jpg
2008.02.23 00:24 B D:\Wen Documents\Link\yhw\information.htm --> ftp.myweb.hinet.net /yhw information.htm
2008.02.23 00:24 B D:\Wen Documents\Link\yhw\top.htm --> ftp.myweb.hinet.net /yhw top.htm
2008.02.23 00:28 B D:\Wen Documents\Link\yhw\profile-flame.htm --> ftp.myweb.hinet.net /yhw profile-flame.htm
2008.02.23 00:59 B D:\Wen Documents\Link\yhw\news.htm --> ftp.myweb.hinet.net /yhw news.htm
2008.03.01 00:11 B D:\Wen Documents\Link\yhw\profile-flame.htm <-- Hinet-myyusuke /yhw profile-flame.htm
2008.03.01 00:26 B D:\Wen Documents\Link\yhw\pic-27.jpg --> ftp.myweb.hinet.net /yhw pic-27.jpg
2008.03.01 00:27 B D:\Wen Documents\Link\yhw\information.htm --> ftp.myweb.hinet.net /yhw information.htm
2008.03.01 00:27 B D:\Wen Documents\Link\yhw\top.htm --> ftp.myweb.hinet.net /yhw top.htm
2008.03.01 19:06 B D:\Wen Documents\Link\yhw\information.htm --> ftp.myweb.hinet.net /yhw information.htm
2008.03.01 19:07 B D:\Wen Documents\Link\yhw\top.htm --> ftp.myweb.hinet.net /yhw top.htm
2008.03.01 19:08 B D:\Wen Documents\Link\yhw\information.htm --> ftp.myweb.hinet.net /yhw information.htm
2008.03.01 19:18 B D:\Wen Documents\Link\yhw\photo-movie07.htm --> ftp.myweb.hinet.net /yhw photo-movie07.htm
2008.03.29 23:26 B D:\Wen Documents\Link\yhw\special-winds_content.htm --> ftp.myweb.hinet.net /yhw special-winds_content.htm
2008.03.30 01:45 B D:\Wen Documents\Link\yhw\information.htm --> ftp.myweb.hinet.net /yhw information.htm
2008.03.30 01:45 B D:\Wen Documents\Link\yhw\special-keitaidrama.htm --> ftp.myweb.hinet.net /yhw special-keitaidrama.htm
2008.03.30 01:45 B D:\Wen Documents\Link\yhw\special.htm --> ftp.myweb.hinet.net /yhw special.htm
2008.03.30 01:47 B D:\Wen Documents\Link\yhw\top.htm --> ftp.myweb.hinet.net /yhw top.htm
2008.03.30 01:49 B D:\Wen Documents\Link\yhw\special-keitaidrama.htm --> ftp.myweb.hinet.net /yhw special-keitaidrama.htm
2008.04.26 01:12 B D:\Wen Documents\Link\yhw\top.htm --> ftp.myweb.hinet.net /yhw top.htm
2008.05.25 01:15 B D:\Wen Documents\Link\yhw\photo-drama07.htm <-- Hinet-myyusuke /yhw photo-drama07.htm
2008.05.25 01:47 B D:\Wen Documents\Link\yhw\photo-drama08.htm --> ftp.myweb.hinet.net /yhw photo-drama08.htm
2008.05.25 01:47 B D:\Wen Documents\Link\yhw\profile-flame.htm --> ftp.myweb.hinet.net /yhw profile-flame.htm
2008.05.25 01:48 B D:\Wen Documents\Link\yhw\information.htm --> ftp.myweb.hinet.net /yhw information.htm
2008.05.25 01:49 B D:\Wen Documents\Link\yhw\profile-flame.htm --> ftp.myweb.hinet.net /yhw profile-flame.htm
2008.05.25 01:50 B D:\Wen Documents\Link\yhw\top.htm --> ftp.myweb.hinet.net /yhw top.htm
2008.06.22 20:23 B D:\Wen Documents\Link\yhw\profile-12.jpg --> ftp.myweb.hinet.net /yhw/photo profile-12.jpg
2008.06.22 20:23 B D:\Wen Documents\Link\yhw\profile-flame.htm --> ftp.myweb.hinet.net /yhw profile-flame.htm
2008.06.24 01:47 B D:\Wen Documents\Link\yhw\s-10.jpg --> ftp.myweb.hinet.net /yhw/release s-10.jpg
2008.06.24 01:47 B D:\Wen Documents\Link\yhw\disc-single.htm --> ftp.myweb.hinet.net /yhw disc-single.htm
2008.06.24 01:47 B D:\Wen Documents\Link\yhw\top.htm --> ftp.myweb.hinet.net /yhw top.htm
2008.06.24 01:54 B D:\Wen Documents\Link\yhw\profile-flame.htm --> ftp.myweb.hinet.net /yhw profile-flame.htm
2008.06.24 01:55 B D:\Wen Documents\Link\yhw\profile-flame.htm --> ftp.myweb.hinet.net /yhw profile-flame.htm
2008.06.24 01:56 B D:\Wen Documents\Link\yhw\profile-flame.htm --> ftp.myweb.hinet.net /yhw profile-flame.htm
2008.06.24 01:57 B D:\Wen Documents\Link\yhw\profile-flame.htm --> ftp.myweb.hinet.net /yhw profile-flame.htm
2008.06.27 17:45 B D:\Wen Documents\Link\yhw\pic-09.jpg --> ftp.myweb.hinet.net /yhw pic-09.jpg
2008.06.27 17:45 B D:\Wen Documents\Link\yhw\top.htm --> ftp.myweb.hinet.net /yhw top.htm
2008.06.27 17:47 B D:\Wen Documents\Link\yhw\top.htm --> ftp.myweb.hinet.net /yhw top.htm
2008.07.08 15:19 B D:\Wen Documents\Link\yhw\pic-22.jpg --> ftp.myweb.hinet.net /yhw pic-22.jpg
2008.07.08 15:19 B D:\Wen Documents\Link\yhw\pic-23.jpg --> ftp.myweb.hinet.net /yhw pic-23.jpg
2008.07.08 15:22 B D:\Wen Documents\Link\yhw\special-winds_content.htm --> ftp.myweb.hinet.net /yhw special-winds_content.htm
2008.07.08 15:22 B D:\Wen Documents\Link\yhw\top.htm --> ftp.myweb.hinet.net /yhw top.htm
2008.07.30 17:56 B D:\Wen Documents\Link\yhw\top.htm --> ftp.myweb.hinet.net /yhw top.htm
2008.08.11 01:17 B D:\Wen Documents\Link\yhw\news-20080731-1.htm --> ftp.myweb.hinet.net /yhw news-20080731-1.htm
2008.08.11 01:17 B D:\Wen Documents\Link\yhw\special-lead_content.htm --> ftp.myweb.hinet.net /yhw special-lead_content.htm
2008.08.11 01:20 B D:\Wen Documents\Link\yhw\special-lead_content.htm --> ftp.myweb.hinet.net /yhw special-lead_content.htm
2008.08.29 18:51 B D:\Wen Documents\Link\yhw\information.htm --> ftp.myweb.hinet.net /yhw information.htm
2008.08.29 18:51 B D:\Wen Documents\Link\yhw\pic-03.jpg --> ftp.myweb.hinet.net /yhw pic-03.jpg
2008.08.29 18:51 B D:\Wen Documents\Link\yhw\top.htm --> ftp.myweb.hinet.net /yhw top.htm
2008.08.29 18:53 B D:\Wen Documents\Link\yhw\information.htm --> ftp.myweb.hinet.net /yhw information.htm
2008.09.03 18:27 B D:\Wen Documents\Link\yhw\information.htm --> ftp.myweb.hinet.net /yhw information.htm
2008.09.03 18:27 B D:\Wen Documents\Link\yhw\top.htm --> ftp.myweb.hinet.net /yhw top.htm
2008.10.04 10:37 B D:\Wen Documents\Link\yhw\information.htm --> ftp.myweb.hinet.net /yhw information.htm
2008.10.04 10:37 B D:\Wen Documents\Link\yhw\pic-04.jpg --> ftp.myweb.hinet.net /yhw pic-04.jpg
2008.10.04 10:40 B D:\Wen Documents\Link\yhw\top.htm --> ftp.myweb.hinet.net /yhw top.htm
2008.10.04 10:40 B D:\Wen Documents\Link\yhw\profile-flame.htm --> ftp.myweb.hinet.net /yhw profile-flame.htm
2008.10.04 10:42 B D:\Wen Documents\Link\yhw\top.htm --> ftp.myweb.hinet.net /yhw top.htm
2008.10.04 10:42 B D:\Wen Documents\Link\yhw\information.htm --> ftp.myweb.hinet.net /yhw information.htm
2008.10.04 10:46 B D:\Wen Documents\Link\yhw\top.htm --> ftp.myweb.hinet.net /yhw top.htm
2008.10.12 16:16 B D:\Wen Documents\Link\yhw\information.htm --> ftp.myweb.hinet.net /yhw information.htm
2008.10.12 16:16 B D:\Wen Documents\Link\yhw\pic-20.jpg --> ftp.myweb.hinet.net /yhw pic-20.jpg
2008.10.12 16:16 B D:\Wen Documents\Link\yhw\top.htm --> ftp.myweb.hinet.net /yhw top.htm
2008.10.19 00:40 B D:\Wen Documents\Link\yhw\news-20081018-1.htm --> ftp.myweb.hinet.net /yhw news-20081018-1.htm
2008.10.19 00:40 B D:\Wen Documents\Link\yhw\news-20081018-2.htm --> ftp.myweb.hinet.net /yhw news-20081018-2.htm
2008.10.19 00:40 B D:\Wen Documents\Link\yhw\special-lead_content.htm --> ftp.myweb.hinet.net /yhw special-lead_content.htm
2008.10.19 00:40 B D:\Wen Documents\Link\yhw\top.htm --> ftp.myweb.hinet.net /yhw top.htm
2008.10.19 00:43 B D:\Wen Documents\Link\yhw\GuestBook.htm --> ftp.myweb.hinet.net /yhw GuestBook.htm
2008.10.19 00:46 B D:\Wen Documents\Link\yhw\news-20081018-2.htm --> ftp.myweb.hinet.net /yhw news-20081018-2.htm
2008.10.25 23:51 B D:\Wen Documents\Link\yhw\news-20081019-1.htm --> ftp.myweb.hinet.net /yhw news-20081019-1.htm
2008.10.25 23:51 B D:\Wen Documents\Link\yhw\news-20081019-2.htm --> ftp.myweb.hinet.net /yhw news-20081019-2.htm
2008.10.25 23:51 B D:\Wen Documents\Link\yhw\news-20081020-1.htm <-- Hinet-myyusuke /yhw news-20081020-1.htm
2008.10.25 23:51 B D:\Wen Documents\Link\yhw\news-20081021-1.htm <-- Hinet-myyusuke /yhw news-20081021-1.htm
2008.10.25 23:52 B D:\Wen Documents\Link\yhw\special-lead_content.htm --> ftp.myweb.hinet.net /yhw special-lead_content.htm
2008.10.25 23:52 B D:\Wen Documents\Link\yhw\top.htm <-- Hinet-myyusuke /yhw top.htm
2008.10.25 23:55 B D:\Wen Documents\Link\yhw\photo-activity.htm <-- Hinet-myyusuke /yhw photo-activity.htm
2008.10.25 23:55 B D:\Wen Documents\Link\yhw\photo-activity.htm --> ftp.myweb.hinet.net /yhw photo-activity.htm
2008.10.25 23:56 B D:\Wen Documents\Link\yhw\information.htm --> ftp.myweb.hinet.net /yhw information.htm
2008.10.25 23:56 B D:\Wen Documents\Link\yhw\information.htm --> ftp.myweb.hinet.net /yhw information.htm
2008.10.25 23:57 B D:\Wen Documents\Link\yhw\top.htm --> ftp.myweb.hinet.net /yhw top.htm
2008.10.25 23:57 B D:\Wen Documents\Link\yhw\top.htm --> ftp.myweb.hinet.net /yhw top.htm
2008.10.25 23:57 B D:\Wen Documents\Link\yhw\top.htm --> ftp.myweb.hinet.net /yhw top.htm
